2021-09-29 00:58:19.086  INFO - [restartedMain]  com.alan.blog.BlogApplication : Starting BlogApplication on LAPTOP-9RGF680E with PID 17596 (D:\GitHub\Front-and-rear-separation\blog-java\target\classes started by Alan Huang in D:\GitHub\Front-and-rear-separation\blog-java)
2021-09-29 00:58:19.094  INFO - [restartedMain]  com.alan.blog.BlogApplication : The following profiles are active: dev
2021-09-29 00:58:19.147  INFO - [restartedMain]  o.s.b.d.e.DevToolsPropertyDefaultsPostProcessor : Devtools property defaults active! Set 'spring.devtools.add-properties' to 'false' to disable
2021-09-29 00:58:19.147  INFO - [restartedMain]  o.s.b.d.e.DevToolsPropertyDefaultsPostProcessor : For additional web related logging consider setting the 'logging.level.web' property to 'DEBUG'
2021-09-29 00:58:19.671  INFO - [restartedMain]  o.s.d.r.c.RepositoryConfigurationDelegate : Bootstrapping Spring Data JPA repositories in DEFAULT mode.
2021-09-29 00:58:19.689  INFO - [restartedMain]  o.s.d.r.c.RepositoryConfigurationDelegate : Finished Spring Data repository scanning in 10ms. Found 0 JPA repository interfaces.
2021-09-29 00:58:19.889  INFO - [restartedMain]  o.s.c.s.PostProcessorRegistrationDelegate$BeanPostProcessorChecker : Bean 'org.springframework.ws.config.annotation.DelegatingWsConfiguration' of type [org.springframework.ws.config.annotation.DelegatingWsConfiguration$$EnhancerBySpringCGLIB$$ccddf8ce] is not eligible for getting processed by all BeanPostProcessors (for example: not eligible for auto-proxying)
2021-09-29 00:58:19.923  INFO - [restartedMain]  o.s.w.s.a.s.AnnotationActionEndpointMapping : Supporting [WS-Addressing August 2004, WS-Addressing 1.0]
2021-09-29 00:58:20.219  INFO - [restartedMain]  o.s.b.w.embedded.tomcat.TomcatWebServer : Tomcat initialized with port(s): 7778 (http)
2021-09-29 00:58:20.226  INFO - [restartedMain]  o.apache.catalina.core.StandardService : Starting service [Tomcat]
2021-09-29 00:58:20.226  INFO - [restartedMain]  org.apache.catalina.core.StandardEngine : Starting Servlet engine: [Apache Tomcat/9.0.41]
2021-09-29 00:58:20.302  INFO - [restartedMain]  o.a.c.c.C.[Tomcat].[localhost].[/] : Initializing Spring embedded WebApplicationContext
2021-09-29 00:58:20.302  INFO - [restartedMain]  o.s.b.w.s.c.ServletWebServerApplicationContext : Root WebApplicationContext: initialization completed in 1154 ms
2021-09-29 00:58:20.447  INFO - [restartedMain]  o.hibernate.jpa.internal.util.LogHelper : HHH000204: Processing PersistenceUnitInfo [name: default]
2021-09-29 00:58:20.488  INFO - [restartedMain]  org.hibernate.Version : HHH000412: Hibernate ORM core version 5.4.25.Final
2021-09-29 00:58:20.601  INFO - [restartedMain]  o.hibernate.annotations.common.Version : HCANN000001: Hibernate Commons Annotations {5.1.2.Final}
2021-09-29 00:58:20.677  INFO - [restartedMain]  com.zaxxer.hikari.HikariDataSource : defaultDataSource - Starting...
2021-09-29 00:58:21.169  INFO - [restartedMain]  com.zaxxer.hikari.HikariDataSource : defaultDataSource - Start completed.
2021-09-29 00:58:21.179  INFO - [restartedMain]  org.hibernate.dialect.Dialect : HHH000400: Using dialect: org.hibernate.dialect.MySQL5InnoDBDialect
2021-09-29 00:58:21.389  INFO - [restartedMain]  o.h.e.t.j.p.i.JtaPlatformInitiator : HHH000490: Using JtaPlatform implementation: [org.hibernate.engine.transaction.jta.platform.internal.NoJtaPlatform]
2021-09-29 00:58:21.395  INFO - [restartedMain]  o.s.o.j.LocalContainerEntityManagerFactoryBean : Initialized JPA EntityManagerFactory for persistence unit 'default'
2021-09-29 00:58:21.424  INFO - [restartedMain]  o.s.b.d.a.OptionalLiveReloadServer : LiveReload server is running on port 35729
2021-09-29 00:58:21.580  WARN - [restartedMain]  o.s.b.a.o.j.JpaBaseConfiguration$JpaWebConfiguration : spring.jpa.open-in-view is enabled by default. Therefore, database queries may be performed during view rendering. Explicitly configure spring.jpa.open-in-view to disable this warning
2021-09-29 00:58:21.668  INFO - [restartedMain]  o.s.s.concurrent.ThreadPoolTaskExecutor : Initializing ExecutorService 'applicationTaskExecutor'
2021-09-29 00:58:21.771  WARN - [restartedMain]  o.s.b.a.t.ThymeleafAutoConfiguration$DefaultTemplateResolverConfiguration : Cannot find template location: classpath:/templates/ (please add some templates or check your Thymeleaf configuration)
2021-09-29 00:58:21.771  WARN - [restartedMain]  org.thymeleaf.templatemode.TemplateMode : [THYMELEAF][restartedMain] Template Mode 'HTML5' is deprecated. Using Template Mode 'HTML' instead.
2021-09-29 00:58:23.145  INFO - [restartedMain]  c.a.arthas.spring.ArthasConfiguration : Arthas agent start success.
2021-09-29 00:58:23.336  INFO - [restartedMain]  o.s.b.w.embedded.tomcat.TomcatWebServer : Tomcat started on port(s): 7778 (http) with context path ''
2021-09-29 00:58:23.344  INFO - [restartedMain]  com.alan.blog.BlogApplication : Started BlogApplication in 4.593 seconds (JVM running for 5.359)
2021-09-29 00:58:54.195  INFO - [http-nio-7778-exec-1]  o.a.c.c.C.[Tomcat].[localhost].[/] : Initializing Spring DispatcherServlet 'dispatcherServlet'
2021-09-29 00:58:54.195  INFO - [http-nio-7778-exec-1]  o.s.web.servlet.DispatcherServlet : Initializing Servlet 'dispatcherServlet'
2021-09-29 00:58:54.200  INFO - [http-nio-7778-exec-1]  o.s.web.servlet.DispatcherServlet : Completed initialization in 5 ms
2021-09-29 00:59:28.362  INFO - [SpringContextShutdownHook]  o.s.s.concurrent.ThreadPoolTaskExecutor : Shutting down ExecutorService 'applicationTaskExecutor'
2021-09-29 00:59:28.362  INFO - [SpringContextShutdownHook]  o.s.o.j.LocalContainerEntityManagerFactoryBean : Closing JPA EntityManagerFactory for persistence unit 'default'
2021-09-29 00:59:28.375  INFO - [SpringContextShutdownHook]  com.zaxxer.hikari.HikariDataSource : defaultDataSource - Shutdown initiated...
2021-09-29 00:59:28.380  INFO - [SpringContextShutdownHook]  com.zaxxer.hikari.HikariDataSource : defaultDataSource - Shutdown completed.
2021-09-29 00:59:32.127  INFO - [restartedMain]  com.alan.blog.BlogApplication : Starting BlogApplication on LAPTOP-9RGF680E with PID 8360 (D:\GitHub\Front-and-rear-separation\blog-java\target\classes started by Alan Huang in D:\GitHub\Front-and-rear-separation\blog-java)
2021-09-29 00:59:32.130  INFO - [restartedMain]  com.alan.blog.BlogApplication : The following profiles are active: dev
2021-09-29 00:59:32.179  INFO - [restartedMain]  o.s.b.d.e.DevToolsPropertyDefaultsPostProcessor : Devtools property defaults active! Set 'spring.devtools.add-properties' to 'false' to disable
2021-09-29 00:59:32.179  INFO - [restartedMain]  o.s.b.d.e.DevToolsPropertyDefaultsPostProcessor : For additional web related logging consider setting the 'logging.level.web' property to 'DEBUG'
2021-09-29 00:59:32.642  INFO - [restartedMain]  o.s.d.r.c.RepositoryConfigurationDelegate : Bootstrapping Spring Data JPA repositories in DEFAULT mode.
2021-09-29 00:59:32.658  INFO - [restartedMain]  o.s.d.r.c.RepositoryConfigurationDelegate : Finished Spring Data repository scanning in 10ms. Found 0 JPA repository interfaces.
2021-09-29 00:59:32.845  INFO - [restartedMain]  o.s.c.s.PostProcessorRegistrationDelegate$BeanPostProcessorChecker : Bean 'org.springframework.ws.config.annotation.DelegatingWsConfiguration' of type [org.springframework.ws.config.annotation.DelegatingWsConfiguration$$EnhancerBySpringCGLIB$$9bad78fd] is not eligible for getting processed by all BeanPostProcessors (for example: not eligible for auto-proxying)
2021-09-29 00:59:32.880  INFO - [restartedMain]  o.s.w.s.a.s.AnnotationActionEndpointMapping : Supporting [WS-Addressing August 2004, WS-Addressing 1.0]
2021-09-29 00:59:33.151  INFO - [restartedMain]  o.s.b.w.embedded.tomcat.TomcatWebServer : Tomcat initialized with port(s): 7778 (http)
2021-09-29 00:59:33.158  INFO - [restartedMain]  o.apache.catalina.core.StandardService : Starting service [Tomcat]
2021-09-29 00:59:33.158  INFO - [restartedMain]  org.apache.catalina.core.StandardEngine : Starting Servlet engine: [Apache Tomcat/9.0.41]
2021-09-29 00:59:33.229  INFO - [restartedMain]  o.a.c.c.C.[Tomcat].[localhost].[/] : Initializing Spring embedded WebApplicationContext
2021-09-29 00:59:33.229  INFO - [restartedMain]  o.s.b.w.s.c.ServletWebServerApplicationContext : Root WebApplicationContext: initialization completed in 1049 ms
2021-09-29 00:59:33.362  INFO - [restartedMain]  o.hibernate.jpa.internal.util.LogHelper : HHH000204: Processing PersistenceUnitInfo [name: default]
2021-09-29 00:59:33.393  INFO - [restartedMain]  org.hibernate.Version : HHH000412: Hibernate ORM core version 5.4.25.Final
2021-09-29 00:59:33.474  INFO - [restartedMain]  o.hibernate.annotations.common.Version : HCANN000001: Hibernate Commons Annotations {5.1.2.Final}
2021-09-29 00:59:33.535  INFO - [restartedMain]  com.zaxxer.hikari.HikariDataSource : defaultDataSource - Starting...
2021-09-29 00:59:33.997  INFO - [restartedMain]  com.zaxxer.hikari.HikariDataSource : defaultDataSource - Start completed.
2021-09-29 00:59:34.006  INFO - [restartedMain]  org.hibernate.dialect.Dialect : HHH000400: Using dialect: org.hibernate.dialect.MySQL5InnoDBDialect
2021-09-29 00:59:34.186  INFO - [restartedMain]  o.h.e.t.j.p.i.JtaPlatformInitiator : HHH000490: Using JtaPlatform implementation: [org.hibernate.engine.transaction.jta.platform.internal.NoJtaPlatform]
2021-09-29 00:59:34.192  INFO - [restartedMain]  o.s.o.j.LocalContainerEntityManagerFactoryBean : Initialized JPA EntityManagerFactory for persistence unit 'default'
2021-09-29 00:59:34.220  INFO - [restartedMain]  o.s.b.d.a.OptionalLiveReloadServer : LiveReload server is running on port 35729
2021-09-29 00:59:34.366  WARN - [restartedMain]  o.s.b.a.o.j.JpaBaseConfiguration$JpaWebConfiguration : spring.jpa.open-in-view is enabled by default. Therefore, database queries may be performed during view rendering. Explicitly configure spring.jpa.open-in-view to disable this warning
2021-09-29 00:59:34.451  INFO - [restartedMain]  o.s.s.concurrent.ThreadPoolTaskExecutor : Initializing ExecutorService 'applicationTaskExecutor'
2021-09-29 00:59:34.538  WARN - [restartedMain]  o.s.b.a.t.ThymeleafAutoConfiguration$DefaultTemplateResolverConfiguration : Cannot find template location: classpath:/templates/ (please add some templates or check your Thymeleaf configuration)
2021-09-29 00:59:34.539  WARN - [restartedMain]  org.thymeleaf.templatemode.TemplateMode : [THYMELEAF][restartedMain] Template Mode 'HTML5' is deprecated. Using Template Mode 'HTML' instead.
2021-09-29 00:59:35.798  INFO - [restartedMain]  c.a.arthas.spring.ArthasConfiguration : Arthas agent start success.
2021-09-29 00:59:35.976  INFO - [restartedMain]  o.s.b.w.embedded.tomcat.TomcatWebServer : Tomcat started on port(s): 7778 (http) with context path ''
2021-09-29 00:59:35.984  INFO - [restartedMain]  com.alan.blog.BlogApplication : Started BlogApplication in 4.158 seconds (JVM running for 4.897)
2021-09-29 00:59:43.006  INFO - [http-nio-7778-exec-1]  o.a.c.c.C.[Tomcat].[localhost].[/] : Initializing Spring DispatcherServlet 'dispatcherServlet'
2021-09-29 00:59:43.006  INFO - [http-nio-7778-exec-1]  o.s.web.servlet.DispatcherServlet : Initializing Servlet 'dispatcherServlet'
2021-09-29 00:59:43.011  INFO - [http-nio-7778-exec-1]  o.s.web.servlet.DispatcherServlet : Completed initialization in 5 ms
2021-09-29 00:59:43.151  INFO - [http-nio-7778-exec-1]  c.a.blog.service.impl.UserServiceImpl : DMDE
2021-09-29 01:00:29.628  INFO - [SpringContextShutdownHook]  o.s.s.concurrent.ThreadPoolTaskExecutor : Shutting down ExecutorService 'applicationTaskExecutor'
2021-09-29 01:00:29.629  INFO - [SpringContextShutdownHook]  o.s.o.j.LocalContainerEntityManagerFactoryBean : Closing JPA EntityManagerFactory for persistence unit 'default'
2021-09-29 01:00:29.632  INFO - [SpringContextShutdownHook]  com.zaxxer.hikari.HikariDataSource : defaultDataSource - Shutdown initiated...
2021-09-29 01:00:29.635  INFO - [SpringContextShutdownHook]  com.zaxxer.hikari.HikariDataSource : defaultDataSource - Shutdown completed.
2021-09-29 01:00:33.447  INFO - [restartedMain]  com.alan.blog.BlogApplication : Starting BlogApplication on LAPTOP-9RGF680E with PID 17696 (D:\GitHub\Front-and-rear-separation\blog-java\target\classes started by Alan Huang in D:\GitHub\Front-and-rear-separation\blog-java)
2021-09-29 01:00:33.451  INFO - [restartedMain]  com.alan.blog.BlogApplication : The following profiles are active: dev
2021-09-29 01:00:33.500  INFO - [restartedMain]  o.s.b.d.e.DevToolsPropertyDefaultsPostProcessor : Devtools property defaults active! Set 'spring.devtools.add-properties' to 'false' to disable
2021-09-29 01:00:33.500  INFO - [restartedMain]  o.s.b.d.e.DevToolsPropertyDefaultsPostProcessor : For additional web related logging consider setting the 'logging.level.web' property to 'DEBUG'
2021-09-29 01:00:33.947  INFO - [restartedMain]  o.s.d.r.c.RepositoryConfigurationDelegate : Bootstrapping Spring Data JPA repositories in DEFAULT mode.
2021-09-29 01:00:33.963  INFO - [restartedMain]  o.s.d.r.c.RepositoryConfigurationDelegate : Finished Spring Data repository scanning in 10ms. Found 0 JPA repository interfaces.
2021-09-29 01:00:34.147  INFO - [restartedMain]  o.s.c.s.PostProcessorRegistrationDelegate$BeanPostProcessorChecker : Bean 'org.springframework.ws.config.annotation.DelegatingWsConfiguration' of type [org.springframework.ws.config.annotation.DelegatingWsConfiguration$$EnhancerBySpringCGLIB$$9bad78fd] is not eligible for getting processed by all BeanPostProcessors (for example: not eligible for auto-proxying)
2021-09-29 01:00:34.182  INFO - [restartedMain]  o.s.w.s.a.s.AnnotationActionEndpointMapping : Supporting [WS-Addressing August 2004, WS-Addressing 1.0]
2021-09-29 01:00:34.460  INFO - [restartedMain]  o.s.b.w.embedded.tomcat.TomcatWebServer : Tomcat initialized with port(s): 7778 (http)
2021-09-29 01:00:34.466  INFO - [restartedMain]  o.apache.catalina.core.StandardService : Starting service [Tomcat]
2021-09-29 01:00:34.466  INFO - [restartedMain]  org.apache.catalina.core.StandardEngine : Starting Servlet engine: [Apache Tomcat/9.0.41]
2021-09-29 01:00:34.537  INFO - [restartedMain]  o.a.c.c.C.[Tomcat].[localhost].[/] : Initializing Spring embedded WebApplicationContext
2021-09-29 01:00:34.538  INFO - [restartedMain]  o.s.b.w.s.c.ServletWebServerApplicationContext : Root WebApplicationContext: initialization completed in 1037 ms
2021-09-29 01:00:34.670  INFO - [restartedMain]  o.hibernate.jpa.internal.util.LogHelper : HHH000204: Processing PersistenceUnitInfo [name: default]
2021-09-29 01:00:34.700  INFO - [restartedMain]  org.hibernate.Version : HHH000412: Hibernate ORM core version 5.4.25.Final
2021-09-29 01:00:34.781  INFO - [restartedMain]  o.hibernate.annotations.common.Version : HCANN000001: Hibernate Commons Annotations {5.1.2.Final}
2021-09-29 01:00:34.843  INFO - [restartedMain]  com.zaxxer.hikari.HikariDataSource : defaultDataSource - Starting...
2021-09-29 01:00:35.309  INFO - [restartedMain]  com.zaxxer.hikari.HikariDataSource : defaultDataSource - Start completed.
2021-09-29 01:00:35.317  INFO - [restartedMain]  org.hibernate.dialect.Dialect : HHH000400: Using dialect: org.hibernate.dialect.MySQL5InnoDBDialect
2021-09-29 01:00:35.494  INFO - [restartedMain]  o.h.e.t.j.p.i.JtaPlatformInitiator : HHH000490: Using JtaPlatform implementation: [org.hibernate.engine.transaction.jta.platform.internal.NoJtaPlatform]
2021-09-29 01:00:35.500  INFO - [restartedMain]  o.s.o.j.LocalContainerEntityManagerFactoryBean : Initialized JPA EntityManagerFactory for persistence unit 'default'
2021-09-29 01:00:35.526  INFO - [restartedMain]  o.s.b.d.a.OptionalLiveReloadServer : LiveReload server is running on port 35729
2021-09-29 01:00:35.671  WARN - [restartedMain]  o.s.b.a.o.j.JpaBaseConfiguration$JpaWebConfiguration : spring.jpa.open-in-view is enabled by default. Therefore, database queries may be performed during view rendering. Explicitly configure spring.jpa.open-in-view to disable this warning
2021-09-29 01:00:35.756  INFO - [restartedMain]  o.s.s.concurrent.ThreadPoolTaskExecutor : Initializing ExecutorService 'applicationTaskExecutor'
2021-09-29 01:00:35.841  WARN - [restartedMain]  o.s.b.a.t.ThymeleafAutoConfiguration$DefaultTemplateResolverConfiguration : Cannot find template location: classpath:/templates/ (please add some templates or check your Thymeleaf configuration)
2021-09-29 01:00:35.842  WARN - [restartedMain]  org.thymeleaf.templatemode.TemplateMode : [THYMELEAF][restartedMain] Template Mode 'HTML5' is deprecated. Using Template Mode 'HTML' instead.
2021-09-29 01:00:37.145  INFO - [restartedMain]  c.a.arthas.spring.ArthasConfiguration : Arthas agent start success.
2021-09-29 01:00:37.315  INFO - [restartedMain]  o.s.b.w.embedded.tomcat.TomcatWebServer : Tomcat started on port(s): 7778 (http) with context path ''
2021-09-29 01:00:37.323  INFO - [restartedMain]  com.alan.blog.BlogApplication : Started BlogApplication in 4.191 seconds (JVM running for 4.935)
2021-09-29 01:00:38.825  INFO - [http-nio-7778-exec-1]  o.a.c.c.C.[Tomcat].[localhost].[/] : Initializing Spring DispatcherServlet 'dispatcherServlet'
2021-09-29 01:00:38.825  INFO - [http-nio-7778-exec-1]  o.s.web.servlet.DispatcherServlet : Initializing Servlet 'dispatcherServlet'
2021-09-29 01:00:38.831  INFO - [http-nio-7778-exec-1]  o.s.web.servlet.DispatcherServlet : Completed initialization in 6 ms
2021-09-29 01:00:38.975  INFO - [http-nio-7778-exec-1]  c.a.blog.service.impl.UserServiceImpl : 0901
2021-09-29 01:01:15.666  INFO - [SpringContextShutdownHook]  o.s.s.concurrent.ThreadPoolTaskExecutor : Shutting down ExecutorService 'applicationTaskExecutor'
2021-09-29 01:01:15.666  INFO - [SpringContextShutdownHook]  o.s.o.j.LocalContainerEntityManagerFactoryBean : Closing JPA EntityManagerFactory for persistence unit 'default'
2021-09-29 01:01:15.669  INFO - [SpringContextShutdownHook]  com.zaxxer.hikari.HikariDataSource : defaultDataSource - Shutdown initiated...
2021-09-29 01:01:15.672  INFO - [SpringContextShutdownHook]  com.zaxxer.hikari.HikariDataSource : defaultDataSource - Shutdown completed.
2021-09-29 01:01:19.428  INFO - [restartedMain]  com.alan.blog.BlogApplication : Starting BlogApplication on LAPTOP-9RGF680E with PID 9904 (D:\GitHub\Front-and-rear-separation\blog-java\target\classes started by Alan Huang in D:\GitHub\Front-and-rear-separation\blog-java)
2021-09-29 01:01:19.430  INFO - [restartedMain]  com.alan.blog.BlogApplication : The following profiles are active: dev
2021-09-29 01:01:19.479  INFO - [restartedMain]  o.s.b.d.e.DevToolsPropertyDefaultsPostProcessor : Devtools property defaults active! Set 'spring.devtools.add-properties' to 'false' to disable
2021-09-29 01:01:19.480  INFO - [restartedMain]  o.s.b.d.e.DevToolsPropertyDefaultsPostProcessor : For additional web related logging consider setting the 'logging.level.web' property to 'DEBUG'
2021-09-29 01:01:19.929  INFO - [restartedMain]  o.s.d.r.c.RepositoryConfigurationDelegate : Bootstrapping Spring Data JPA repositories in DEFAULT mode.
2021-09-29 01:01:19.945  INFO - [restartedMain]  o.s.d.r.c.RepositoryConfigurationDelegate : Finished Spring Data repository scanning in 10ms. Found 0 JPA repository interfaces.
2021-09-29 01:01:20.127  INFO - [restartedMain]  o.s.c.s.PostProcessorRegistrationDelegate$BeanPostProcessorChecker : Bean 'org.springframework.ws.config.annotation.DelegatingWsConfiguration' of type [org.springframework.ws.config.annotation.DelegatingWsConfiguration$$EnhancerBySpringCGLIB$$9bad78fd] is not eligible for getting processed by all BeanPostProcessors (for example: not eligible for auto-proxying)
2021-09-29 01:01:20.163  INFO - [restartedMain]  o.s.w.s.a.s.AnnotationActionEndpointMapping : Supporting [WS-Addressing August 2004, WS-Addressing 1.0]
2021-09-29 01:01:20.438  INFO - [restartedMain]  o.s.b.w.embedded.tomcat.TomcatWebServer : Tomcat initialized with port(s): 7778 (http)
2021-09-29 01:01:20.445  INFO - [restartedMain]  o.apache.catalina.core.StandardService : Starting service [Tomcat]
2021-09-29 01:01:20.445  INFO - [restartedMain]  org.apache.catalina.core.StandardEngine : Starting Servlet engine: [Apache Tomcat/9.0.41]
2021-09-29 01:01:20.518  INFO - [restartedMain]  o.a.c.c.C.[Tomcat].[localhost].[/] : Initializing Spring embedded WebApplicationContext
2021-09-29 01:01:20.519  INFO - [restartedMain]  o.s.b.w.s.c.ServletWebServerApplicationContext : Root WebApplicationContext: initialization completed in 1039 ms
2021-09-29 01:01:20.653  INFO - [restartedMain]  o.hibernate.jpa.internal.util.LogHelper : HHH000204: Processing PersistenceUnitInfo [name: default]
2021-09-29 01:01:20.686  INFO - [restartedMain]  org.hibernate.Version : HHH000412: Hibernate ORM core version 5.4.25.Final
2021-09-29 01:01:20.767  INFO - [restartedMain]  o.hibernate.annotations.common.Version : HCANN000001: Hibernate Commons Annotations {5.1.2.Final}
2021-09-29 01:01:20.832  INFO - [restartedMain]  com.zaxxer.hikari.HikariDataSource : defaultDataSource - Starting...
2021-09-29 01:01:21.317  INFO - [restartedMain]  com.zaxxer.hikari.HikariDataSource : defaultDataSource - Start completed.
2021-09-29 01:01:21.325  INFO - [restartedMain]  org.hibernate.dialect.Dialect : HHH000400: Using dialect: org.hibernate.dialect.MySQL5InnoDBDialect
2021-09-29 01:01:21.473  INFO - [restartedMain]  o.h.e.t.j.p.i.JtaPlatformInitiator : HHH000490: Using JtaPlatform implementation: [org.hibernate.engine.transaction.jta.platform.internal.NoJtaPlatform]
2021-09-29 01:01:21.482  INFO - [restartedMain]  o.s.o.j.LocalContainerEntityManagerFactoryBean : Initialized JPA EntityManagerFactory for persistence unit 'default'
2021-09-29 01:01:21.506  INFO - [restartedMain]  o.s.b.d.a.OptionalLiveReloadServer : LiveReload server is running on port 35729
2021-09-29 01:01:21.661  WARN - [restartedMain]  o.s.b.a.o.j.JpaBaseConfiguration$JpaWebConfiguration : spring.jpa.open-in-view is enabled by default. Therefore, database queries may be performed during view rendering. Explicitly configure spring.jpa.open-in-view to disable this warning
2021-09-29 01:01:21.740  INFO - [restartedMain]  o.s.s.concurrent.ThreadPoolTaskExecutor : Initializing ExecutorService 'applicationTaskExecutor'
2021-09-29 01:01:21.831  WARN - [restartedMain]  o.s.b.a.t.ThymeleafAutoConfiguration$DefaultTemplateResolverConfiguration : Cannot find template location: classpath:/templates/ (please add some templates or check your Thymeleaf configuration)
2021-09-29 01:01:21.832  WARN - [restartedMain]  org.thymeleaf.templatemode.TemplateMode : [THYMELEAF][restartedMain] Template Mode 'HTML5' is deprecated. Using Template Mode 'HTML' instead.
2021-09-29 01:01:23.120  INFO - [restartedMain]  c.a.arthas.spring.ArthasConfiguration : Arthas agent start success.
2021-09-29 01:01:23.229  INFO - [restartedMain]  o.s.b.w.embedded.tomcat.TomcatWebServer : Tomcat started on port(s): 7778 (http) with context path ''
2021-09-29 01:01:23.237  INFO - [restartedMain]  com.alan.blog.BlogApplication : Started BlogApplication in 4.11 seconds (JVM running for 4.826)
2021-09-29 01:01:35.549  INFO - [http-nio-7778-exec-1]  o.a.c.c.C.[Tomcat].[localhost].[/] : Initializing Spring DispatcherServlet 'dispatcherServlet'
2021-09-29 01:01:35.549  INFO - [http-nio-7778-exec-1]  o.s.web.servlet.DispatcherServlet : Initializing Servlet 'dispatcherServlet'
2021-09-29 01:01:35.555  INFO - [http-nio-7778-exec-1]  o.s.web.servlet.DispatcherServlet : Completed initialization in 6 ms
2021-09-29 01:01:35.695  INFO - [http-nio-7778-exec-1]  c.a.blog.service.impl.UserServiceImpl : 0901
2021-09-29 01:01:37.387  INFO - [http-nio-7778-exec-3]  com.alan.blog.utils.TokenUtil : 认证账户:18164038469
2021-09-29 01:01:37.388  INFO - [http-nio-7778-exec-3]  com.alan.blog.utils.TokenUtil : 认证结果:通过
2021-09-29 01:01:37.388  INFO - [http-nio-7778-exec-3]  com.alan.blog.utils.TokenUtil : 过期时间:Wed Sep 29 02:01:35 CST 2021
2021-09-29 01:01:37.388  INFO - [http-nio-7778-exec-3]  c.a.blog.interceptor.TokenInterceptor : 认证成功，通过拦截器
2021-09-29 01:01:37.389  INFO - [http-nio-7778-exec-3]  com.alan.blog.utils.TokenUtil : 认证账户:18164038469
2021-09-29 01:01:37.390  INFO - [http-nio-7778-exec-3]  com.alan.blog.utils.TokenUtil : 认证结果:通过
2021-09-29 01:01:37.390  INFO - [http-nio-7778-exec-3]  com.alan.blog.utils.TokenUtil : 过期时间:Wed Sep 29 02:01:35 CST 2021
